Columns present in all DataFrames: {'F2', 'P6', 'exp', 'P2', 'P3', 'P5', 'time', 'O2', 'AF4', 'TP8', 'PO4', 'C4', 'CPz', 'CP1', 'FC6', 'P4', 'FC4', 'C5', 'PO3', 'FC5', 'FC3', 'F3', 'PO8', 'F6', 'F1', 'P1', 'POz', 'P8', 'CP4', 'CP2', 'FT7', 'Pz', 'Oz', 'F4', 'C3', 'CP5', 'sub', 'C2', 'CP3', 'AFz', 'AF3'}
Number of columns present in all DataFrames: 41
 The final dataframe with 38 channels, time, sub, and exp column:
         F2        P6  exp        P2  ...        C2       CP3       AFz       AF3
0  0.429987  1.060418  EC  -0.049189  ...  0.238572  2.987116 -0.202716  0.541550
1  1.957668  1.383581  EC  -1.600081  ... -0.855898  2.549126  3.361345  3.886763
2  1.750706  0.402268  EC  -2.700768  ... -1.337270  2.429301  3.461186  4.445274
3  1.458868  0.347587  EC  -2.851145  ... -1.185555  2.736613  3.283906  4.326167
4  1.186493  0.906570  EC  -2.286013  ... -0.700024  3.743580  2.857120  3.650522

[5 rows x 41 columns]
9151114
F2     float32
P6     float32
P2     float32
P3     float32
P5     float32
        ...   
CP5    float32
C2     float32
CP3    float32
AFz    float32
AF3    float32
Length: 39, dtype: object
         F2        P6        P2        P3        P5  ...       CP3       AFz  \
0  0.429987  1.060418 -0.049189  1.617051  1.475405  ...  2.987116 -0.202716   
1  1.957668  1.383581 -1.600081  3.010789  3.247445  ...  2.549126  3.361345   
2  1.750706  0.402268 -2.700768  2.520126  2.771669  ...  2.429301  3.461186   
3  1.458868  0.347587 -2.851145  2.374272  2.531895  ...  2.736613  3.283906   
4  1.186493  0.906570 -2.286013  3.062496  3.119331  ...  3.743580  2.857120   

        AF3     sub  exp  
0  0.541550  032328  EC   
1  3.886763  032328  EC   
2  4.445274  032328  EC   
3  4.326167  032328  EC   
4  3.650522  032328  EC   

[5 rows x 41 columns]
Number of samples for EO =  4539017
Number of samples for EC =  4612097
Analysis with only top channel
        PO3
0 -1.175448
1  3.195691
2  2.431902
3  1.642264
4  1.359758
Columns in X are below:
0    EC 
1    EC 
2    EC 
3    EC 
4    EC 
Name: exp, dtype: object
model performance for logistic regression 

              precision    recall  f1-score   support

         EC        0.50      1.00      0.67   1383978
         EO        0.00      0.00      0.00   1361357

    accuracy                           0.50   2745335
   macro avg       0.25      0.50      0.34   2745335
weighted avg       0.25      0.50      0.34   2745335

AUC for logistic regression from scikit is: 0.4952
model performance for EBM is 

              precision    recall  f1-score   support

         EC        0.63      0.37      0.47   1383978
         EO        0.55      0.78      0.64   1361357

    accuracy                           0.57   2745335
   macro avg       0.59      0.57      0.55   2745335
weighted avg       0.59      0.57      0.55   2745335

AUC for Explainable Boosting Method is: 0.5954
model performance for Explainable LR is 

              precision    recall  f1-score   support

         EC        0.50      1.00      0.67   1383978
         EO        0.00      0.00      0.00   1361357

    accuracy                           0.50   2745335
   macro avg       0.25      0.50      0.34   2745335
weighted avg       0.25      0.50      0.34   2745335

AUC for logistic regression explainable: 0.4952
model performance for Explainable DT is 

              precision    recall  f1-score   support

         EC        0.67      0.27      0.39   1383978
         EO        0.54      0.87      0.66   1361357

    accuracy                           0.57   2745335
   macro avg       0.61      0.57      0.53   2745335
weighted avg       0.61      0.57      0.52   2745335

AUC for decsion trees explainable: 0.5742
The execution time of the program with only top channel is: 647.4644222259521
